<?xml version="1.0" encoding="UTF-8"?>
<testsuite name="hello.proxy.pureproxy.decorator.DecoratorPatternTest" tests="1" skipped="0" failures="0" errors="0" timestamp="2023-08-16T08:57:20" hostname="johyeonhwaui-MacBookPro.local" time="0.035">
  <properties/>
  <testcase name="decorator2()" classname="hello.proxy.pureproxy.decorator.DecoratorPatternTest" time="0.035"/>
  <system-out><![CDATA[17:57:20.107 [Test worker] INFO hello.proxy.pureproxy.decorator.code.TimeDecorator - TimeDecorator 실행
17:57:20.110 [Test worker] INFO hello.proxy.pureproxy.decorator.code.MessageDecorator - MessageDecorator 실행
17:57:20.110 [Test worker] INFO hello.proxy.pureproxy.decorator.code.RealComponent - RealComponent 실행
17:57:20.116 [Test worker] INFO hello.proxy.pureproxy.decorator.code.MessageDecorator - MessageDecorator 꾸미지 적용 전 =data, 적용 후 =*****data*****
17:57:20.118 [Test worker] INFO hello.proxy.pureproxy.decorator.code.TimeDecorator - TimeDecorator 종료 resultTime=8
17:57:20.118 [Test worker] INFO hello.proxy.pureproxy.decorator.code.DecoratorPatternClient - result=*****data*****
]]></system-out>
  <system-err><![CDATA[]]></system-err>
</testsuite>
